<?xml version="1.0" encoding="UTF-8"?>
<!-- Generated by org.testng.reporters.JUnitReportReporter -->
<testsuite skipped="0" hostname="LAPTOP-1G79OSAF" name="eventExtra.testCase.TC001_RegistrationTest" tests="1" failures="0" timestamp="31 Jul 2019 13:23:50 GMT" time="60.063" errors="0">
  <testcase name="loginTest" time="60.063" classname="eventExtra.testCase.TC001_RegistrationTest"/>
</testsuite> <!-- eventExtra.testCase.TC001_RegistrationTest -->
