<?xml version="1.0" encoding="UTF-8"?>
<!-- Generated by org.testng.reporters.JUnitReportReporter -->
<testsuite skipped="0" hostname="LAPTOP-1G79OSAF" name="eventExtra.testCase.TC1_RegistrationTest_001" tests="1" failures="0" timestamp="31 Jul 2019 09:41:53 GMT" time="33.410" errors="0">
  <testcase name="loginTest" time="33.410" classname="eventExtra.testCase.TC1_RegistrationTest_001"/>
</testsuite> <!-- eventExtra.testCase.TC1_RegistrationTest_001 -->
